ARM GAS  C:\Users\Admin\AppData\Local\Temp\cc0HLYtQ.s 			page 1


   1              		.cpu cortex-m0
   2              		.fpu softvfp
   3              		.eabi_attribute 20, 1
   4              		.eabi_attribute 21, 1
   5              		.eabi_attribute 23, 3
   6              		.eabi_attribute 24, 1
   7              		.eabi_attribute 25, 1
   8              		.eabi_attribute 26, 1
   9              		.eabi_attribute 30, 6
  10              		.eabi_attribute 34, 0
  11              		.eabi_attribute 18, 4
  12              		.code	16
  13              		.file	"BLE_custom.c"
  14              		.text
  15              	.Ltext0:
  16              		.cfi_sections	.debug_frame
  17              		.global	cyBle_customs
  18              		.section	.rodata
  19              		.align	2
  20              		.type	cyBle_customs, %object
  21              		.size	cyBle_customs, 16
  22              	cyBle_customs:
  23 0000 0C00     		.short	12
  24 0002 0E00     		.short	14
  25 0004 0F00     		.short	15
  26 0006 1000     		.short	16
  27 0008 1100     		.short	17
  28 000a 1300     		.short	19
  29 000c 1400     		.short	20
  30 000e 0000     		.short	0
  31              		.text
  32              	.Letext0:
  33              		.file 1 ".\\Generated_Source\\PSoC4\\cytypes.h"
  34              		.file 2 ".\\Generated_Source\\PSoC4\\BLE_StackGatt.h"
  35              		.file 3 ".\\Generated_Source\\PSoC4\\BLE_custom.h"
  36              		.file 4 ".\\Generated_Source\\PSoC4\\BLE_Stack.h"
  37              		.file 5 ".\\Generated_Source\\PSoC4\\BLE_custom.c"
  38              		.section	.debug_info,"",%progbits
  39              	.Ldebug_info0:
  40 0000 A1020000 		.4byte	0x2a1
  41 0004 0400     		.2byte	0x4
  42 0006 00000000 		.4byte	.Ldebug_abbrev0
  43 000a 04       		.byte	0x4
  44 000b 01       		.uleb128 0x1
  45 000c 5A080000 		.4byte	.LASF75
  46 0010 01       		.byte	0x1
  47 0011 88020000 		.4byte	.LASF76
  48 0015 00000000 		.4byte	.LASF77
  49 0019 00000000 		.4byte	.Ldebug_line0
  50 001d 02       		.uleb128 0x2
  51 001e 01       		.byte	0x1
  52 001f 06       		.byte	0x6
  53 0020 A2040000 		.4byte	.LASF0
  54 0024 02       		.uleb128 0x2
  55 0025 01       		.byte	0x1
  56 0026 08       		.byte	0x8
  57 0027 57040000 		.4byte	.LASF1
ARM GAS  C:\Users\Admin\AppData\Local\Temp\cc0HLYtQ.s 			page 2


  58 002b 02       		.uleb128 0x2
  59 002c 02       		.byte	0x2
  60 002d 05       		.byte	0x5
  61 002e FB000000 		.4byte	.LASF2
  62 0032 02       		.uleb128 0x2
  63 0033 02       		.byte	0x2
  64 0034 07       		.byte	0x7
  65 0035 9A050000 		.4byte	.LASF3
  66 0039 02       		.uleb128 0x2
  67 003a 04       		.byte	0x4
  68 003b 05       		.byte	0x5
  69 003c 21030000 		.4byte	.LASF4
  70 0040 02       		.uleb128 0x2
  71 0041 04       		.byte	0x4
  72 0042 07       		.byte	0x7
  73 0043 33050000 		.4byte	.LASF5
  74 0047 02       		.uleb128 0x2
  75 0048 08       		.byte	0x8
  76 0049 05       		.byte	0x5
  77 004a E7020000 		.4byte	.LASF6
  78 004e 02       		.uleb128 0x2
  79 004f 08       		.byte	0x8
  80 0050 07       		.byte	0x7
  81 0051 F5020000 		.4byte	.LASF7
  82 0055 03       		.uleb128 0x3
  83 0056 04       		.byte	0x4
  84 0057 05       		.byte	0x5
  85 0058 696E7400 		.ascii	"int\000"
  86 005c 02       		.uleb128 0x2
  87 005d 04       		.byte	0x4
  88 005e 07       		.byte	0x7
  89 005f 0B050000 		.4byte	.LASF8
  90 0063 04       		.uleb128 0x4
  91 0064 C7010000 		.4byte	.LASF67
  92 0068 01       		.byte	0x1
  93 0069 A2       		.byte	0xa2
  94 006a 32000000 		.4byte	0x32
  95 006e 02       		.uleb128 0x2
  96 006f 04       		.byte	0x4
  97 0070 04       		.byte	0x4
  98 0071 AE020000 		.4byte	.LASF9
  99 0075 02       		.uleb128 0x2
 100 0076 08       		.byte	0x8
 101 0077 04       		.byte	0x4
 102 0078 A8060000 		.4byte	.LASF10
 103 007c 02       		.uleb128 0x2
 104 007d 01       		.byte	0x1
 105 007e 08       		.byte	0x8
 106 007f D6050000 		.4byte	.LASF11
 107 0083 02       		.uleb128 0x2
 108 0084 04       		.byte	0x4
 109 0085 07       		.byte	0x7
 110 0086 3D010000 		.4byte	.LASF12
 111 008a 05       		.uleb128 0x5
 112 008b 01       		.byte	0x1
 113 008c 04       		.byte	0x4
 114 008d 58       		.byte	0x58
ARM GAS  C:\Users\Admin\AppData\Local\Temp\cc0HLYtQ.s 			page 3


 115 008e FA010000 		.4byte	0x1fa
 116 0092 06       		.uleb128 0x6
 117 0093 32020000 		.4byte	.LASF13
 118 0097 00       		.sleb128 0
 119 0098 06       		.uleb128 0x6
 120 0099 96010000 		.4byte	.LASF14
 121 009d 01       		.sleb128 1
 122 009e 06       		.uleb128 0x6
 123 009f DB070000 		.4byte	.LASF15
 124 00a3 02       		.sleb128 2
 125 00a4 06       		.uleb128 0x6
 126 00a5 D2060000 		.4byte	.LASF16
 127 00a9 03       		.sleb128 3
 128 00aa 06       		.uleb128 0x6
 129 00ab 60010000 		.4byte	.LASF17
 130 00af 04       		.sleb128 4
 131 00b0 06       		.uleb128 0x6
 132 00b1 B3030000 		.4byte	.LASF18
 133 00b5 05       		.sleb128 5
 134 00b6 06       		.uleb128 0x6
 135 00b7 30070000 		.4byte	.LASF19
 136 00bb 20       		.sleb128 32
 137 00bc 06       		.uleb128 0x6
 138 00bd 45050000 		.4byte	.LASF20
 139 00c1 21       		.sleb128 33
 140 00c2 06       		.uleb128 0x6
 141 00c3 6E000000 		.4byte	.LASF21
 142 00c7 22       		.sleb128 34
 143 00c8 06       		.uleb128 0x6
 144 00c9 CF030000 		.4byte	.LASF22
 145 00cd 23       		.sleb128 35
 146 00ce 06       		.uleb128 0x6
 147 00cf EF040000 		.4byte	.LASF23
 148 00d3 24       		.sleb128 36
 149 00d4 06       		.uleb128 0x6
 150 00d5 05010000 		.4byte	.LASF24
 151 00d9 25       		.sleb128 37
 152 00da 06       		.uleb128 0x6
 153 00db 6A030000 		.4byte	.LASF25
 154 00df 26       		.sleb128 38
 155 00e0 06       		.uleb128 0x6
 156 00e1 4B030000 		.4byte	.LASF26
 157 00e5 27       		.sleb128 39
 158 00e6 06       		.uleb128 0x6
 159 00e7 C7000000 		.4byte	.LASF27
 160 00eb 28       		.sleb128 40
 161 00ec 06       		.uleb128 0x6
 162 00ed 7D050000 		.4byte	.LASF28
 163 00f1 29       		.sleb128 41
 164 00f2 06       		.uleb128 0x6
 165 00f3 AD050000 		.4byte	.LASF29
 166 00f7 2A       		.sleb128 42
 167 00f8 06       		.uleb128 0x6
 168 00f9 48060000 		.4byte	.LASF30
 169 00fd 2B       		.sleb128 43
 170 00fe 06       		.uleb128 0x6
 171 00ff CE010000 		.4byte	.LASF31
ARM GAS  C:\Users\Admin\AppData\Local\Temp\cc0HLYtQ.s 			page 4


 172 0103 2C       		.sleb128 44
 173 0104 06       		.uleb128 0x6
 174 0105 46010000 		.4byte	.LASF32
 175 0109 C000     		.sleb128 64
 176 010b 06       		.uleb128 0x6
 177 010c 18050000 		.4byte	.LASF33
 178 0110 C100     		.sleb128 65
 179 0112 06       		.uleb128 0x6
 180 0113 1F010000 		.4byte	.LASF34
 181 0117 C200     		.sleb128 66
 182 0119 06       		.uleb128 0x6
 183 011a A9010000 		.4byte	.LASF35
 184 011e C300     		.sleb128 67
 185 0120 06       		.uleb128 0x6
 186 0121 99070000 		.4byte	.LASF36
 187 0125 C400     		.sleb128 68
 188 0127 06       		.uleb128 0x6
 189 0128 54070000 		.4byte	.LASF37
 190 012c C500     		.sleb128 69
 191 012e 06       		.uleb128 0x6
 192 012f 75010000 		.4byte	.LASF38
 193 0133 C600     		.sleb128 70
 194 0135 06       		.uleb128 0x6
 195 0136 84040000 		.4byte	.LASF39
 196 013a C700     		.sleb128 71
 197 013c 06       		.uleb128 0x6
 198 013d C8040000 		.4byte	.LASF40
 199 0141 C800     		.sleb128 72
 200 0143 06       		.uleb128 0x6
 201 0144 B4020000 		.4byte	.LASF41
 202 0148 C900     		.sleb128 73
 203 014a 06       		.uleb128 0x6
 204 014b 0B060000 		.4byte	.LASF42
 205 014f CA00     		.sleb128 74
 206 0151 06       		.uleb128 0x6
 207 0152 F2010000 		.4byte	.LASF43
 208 0156 CB00     		.sleb128 75
 209 0158 06       		.uleb128 0x6
 210 0159 AE040000 		.4byte	.LASF44
 211 015d CC00     		.sleb128 76
 212 015f 06       		.uleb128 0x6
 213 0160 CD020000 		.4byte	.LASF45
 214 0164 CD00     		.sleb128 77
 215 0166 06       		.uleb128 0x6
 216 0167 7B070000 		.4byte	.LASF46
 217 016b CE00     		.sleb128 78
 218 016d 06       		.uleb128 0x6
 219 016e 65040000 		.4byte	.LASF47
 220 0172 CF00     		.sleb128 79
 221 0174 06       		.uleb128 0x6
 222 0175 ED070000 		.4byte	.LASF48
 223 0179 D000     		.sleb128 80
 224 017b 06       		.uleb128 0x6
 225 017c 29060000 		.4byte	.LASF49
 226 0180 D100     		.sleb128 81
 227 0182 06       		.uleb128 0x6
 228 0183 92030000 		.4byte	.LASF50
ARM GAS  C:\Users\Admin\AppData\Local\Temp\cc0HLYtQ.s 			page 5


 229 0187 D200     		.sleb128 82
 230 0189 06       		.uleb128 0x6
 231 018a 2A030000 		.4byte	.LASF51
 232 018e D300     		.sleb128 83
 233 0190 06       		.uleb128 0x6
 234 0191 11020000 		.4byte	.LASF52
 235 0195 D400     		.sleb128 84
 236 0197 06       		.uleb128 0x6
 237 0198 36080000 		.4byte	.LASF53
 238 019c D500     		.sleb128 85
 239 019e 06       		.uleb128 0x6
 240 019f 31040000 		.4byte	.LASF54
 241 01a3 F000     		.sleb128 112
 242 01a5 06       		.uleb128 0x6
 243 01a6 0A070000 		.4byte	.LASF55
 244 01aa F100     		.sleb128 113
 245 01ac 06       		.uleb128 0x6
 246 01ad DB050000 		.4byte	.LASF56
 247 01b1 F200     		.sleb128 114
 248 01b3 06       		.uleb128 0x6
 249 01b4 49020000 		.4byte	.LASF57
 250 01b8 F300     		.sleb128 115
 251 01ba 06       		.uleb128 0x6
 252 01bb 05040000 		.4byte	.LASF58
 253 01bf F400     		.sleb128 116
 254 01c1 06       		.uleb128 0x6
 255 01c2 5C050000 		.4byte	.LASF59
 256 01c6 F500     		.sleb128 117
 257 01c8 06       		.uleb128 0x6
 258 01c9 67020000 		.4byte	.LASF60
 259 01cd F600     		.sleb128 118
 260 01cf 06       		.uleb128 0x6
 261 01d0 EB060000 		.4byte	.LASF61
 262 01d4 F700     		.sleb128 119
 263 01d6 06       		.uleb128 0x6
 264 01d7 85060000 		.4byte	.LASF62
 265 01db F800     		.sleb128 120
 266 01dd 06       		.uleb128 0x6
 267 01de AF060000 		.4byte	.LASF63
 268 01e2 F900     		.sleb128 121
 269 01e4 06       		.uleb128 0x6
 270 01e5 B7070000 		.4byte	.LASF64
 271 01e9 FA00     		.sleb128 122
 272 01eb 06       		.uleb128 0x6
 273 01ec 67060000 		.4byte	.LASF65
 274 01f0 FA01     		.sleb128 250
 275 01f2 06       		.uleb128 0x6
 276 01f3 23040000 		.4byte	.LASF66
 277 01f7 FF01     		.sleb128 255
 278 01f9 00       		.byte	0
 279 01fa 07       		.uleb128 0x7
 280 01fb 0C080000 		.4byte	.LASF68
 281 01ff 02       		.byte	0x2
 282 0200 5201     		.2byte	0x152
 283 0202 63000000 		.4byte	0x63
 284 0206 08       		.uleb128 0x8
 285 0207 06       		.byte	0x6
ARM GAS  C:\Users\Admin\AppData\Local\Temp\cc0HLYtQ.s 			page 6


 286 0208 03       		.byte	0x3
 287 0209 3A       		.byte	0x3a
 288 020a 27020000 		.4byte	0x227
 289 020e 09       		.uleb128 0x9
 290 020f 92000000 		.4byte	.LASF69
 291 0213 03       		.byte	0x3
 292 0214 3D       		.byte	0x3d
 293 0215 FA010000 		.4byte	0x1fa
 294 0219 00       		.byte	0
 295 021a 09       		.uleb128 0x9
 296 021b AA000000 		.4byte	.LASF70
 297 021f 03       		.byte	0x3
 298 0220 3F       		.byte	0x3f
 299 0221 27020000 		.4byte	0x227
 300 0225 02       		.byte	0x2
 301 0226 00       		.byte	0
 302 0227 0A       		.uleb128 0xa
 303 0228 FA010000 		.4byte	0x1fa
 304 022c 37020000 		.4byte	0x237
 305 0230 0B       		.uleb128 0xb
 306 0231 83000000 		.4byte	0x83
 307 0235 01       		.byte	0x1
 308 0236 00       		.byte	0
 309 0237 04       		.uleb128 0x4
 310 0238 0C030000 		.4byte	.LASF71
 311 023c 03       		.byte	0x3
 312 023d 40       		.byte	0x40
 313 023e 06020000 		.4byte	0x206
 314 0242 08       		.uleb128 0x8
 315 0243 08       		.byte	0x8
 316 0244 03       		.byte	0x3
 317 0245 43       		.byte	0x43
 318 0246 63020000 		.4byte	0x263
 319 024a 09       		.uleb128 0x9
 320 024b F7050000 		.4byte	.LASF72
 321 024f 03       		.byte	0x3
 322 0250 46       		.byte	0x46
 323 0251 FA010000 		.4byte	0x1fa
 324 0255 00       		.byte	0
 325 0256 09       		.uleb128 0x9
 326 0257 E9000000 		.4byte	.LASF73
 327 025b 03       		.byte	0x3
 328 025c 49       		.byte	0x49
 329 025d 63020000 		.4byte	0x263
 330 0261 02       		.byte	0x2
 331 0262 00       		.byte	0
 332 0263 0A       		.uleb128 0xa
 333 0264 37020000 		.4byte	0x237
 334 0268 73020000 		.4byte	0x273
 335 026c 0B       		.uleb128 0xb
 336 026d 83000000 		.4byte	0x83
 337 0271 00       		.byte	0
 338 0272 00       		.byte	0
 339 0273 04       		.uleb128 0x4
 340 0274 F5030000 		.4byte	.LASF74
 341 0278 03       		.byte	0x3
 342 0279 4A       		.byte	0x4a
ARM GAS  C:\Users\Admin\AppData\Local\Temp\cc0HLYtQ.s 			page 7


 343 027a 42020000 		.4byte	0x242
 344 027e 0A       		.uleb128 0xa
 345 027f 73020000 		.4byte	0x273
 346 0283 8E020000 		.4byte	0x28e
 347 0287 0B       		.uleb128 0xb
 348 0288 83000000 		.4byte	0x83
 349 028c 01       		.byte	0x1
 350 028d 00       		.byte	0
 351 028e 0C       		.uleb128 0xc
 352 028f 28080000 		.4byte	.LASF78
 353 0293 05       		.byte	0x5
 354 0294 19       		.byte	0x19
 355 0295 9F020000 		.4byte	0x29f
 356 0299 05       		.uleb128 0x5
 357 029a 03       		.byte	0x3
 358 029b 00000000 		.4byte	cyBle_customs
 359 029f 0D       		.uleb128 0xd
 360 02a0 7E020000 		.4byte	0x27e
 361 02a4 00       		.byte	0
 362              		.section	.debug_abbrev,"",%progbits
 363              	.Ldebug_abbrev0:
 364 0000 01       		.uleb128 0x1
 365 0001 11       		.uleb128 0x11
 366 0002 01       		.byte	0x1
 367 0003 25       		.uleb128 0x25
 368 0004 0E       		.uleb128 0xe
 369 0005 13       		.uleb128 0x13
 370 0006 0B       		.uleb128 0xb
 371 0007 03       		.uleb128 0x3
 372 0008 0E       		.uleb128 0xe
 373 0009 1B       		.uleb128 0x1b
 374 000a 0E       		.uleb128 0xe
 375 000b 10       		.uleb128 0x10
 376 000c 17       		.uleb128 0x17
 377 000d 00       		.byte	0
 378 000e 00       		.byte	0
 379 000f 02       		.uleb128 0x2
 380 0010 24       		.uleb128 0x24
 381 0011 00       		.byte	0
 382 0012 0B       		.uleb128 0xb
 383 0013 0B       		.uleb128 0xb
 384 0014 3E       		.uleb128 0x3e
 385 0015 0B       		.uleb128 0xb
 386 0016 03       		.uleb128 0x3
 387 0017 0E       		.uleb128 0xe
 388 0018 00       		.byte	0
 389 0019 00       		.byte	0
 390 001a 03       		.uleb128 0x3
 391 001b 24       		.uleb128 0x24
 392 001c 00       		.byte	0
 393 001d 0B       		.uleb128 0xb
 394 001e 0B       		.uleb128 0xb
 395 001f 3E       		.uleb128 0x3e
 396 0020 0B       		.uleb128 0xb
 397 0021 03       		.uleb128 0x3
 398 0022 08       		.uleb128 0x8
 399 0023 00       		.byte	0
ARM GAS  C:\Users\Admin\AppData\Local\Temp\cc0HLYtQ.s 			page 8


 400 0024 00       		.byte	0
 401 0025 04       		.uleb128 0x4
 402 0026 16       		.uleb128 0x16
 403 0027 00       		.byte	0
 404 0028 03       		.uleb128 0x3
 405 0029 0E       		.uleb128 0xe
 406 002a 3A       		.uleb128 0x3a
 407 002b 0B       		.uleb128 0xb
 408 002c 3B       		.uleb128 0x3b
 409 002d 0B       		.uleb128 0xb
 410 002e 49       		.uleb128 0x49
 411 002f 13       		.uleb128 0x13
 412 0030 00       		.byte	0
 413 0031 00       		.byte	0
 414 0032 05       		.uleb128 0x5
 415 0033 04       		.uleb128 0x4
 416 0034 01       		.byte	0x1
 417 0035 0B       		.uleb128 0xb
 418 0036 0B       		.uleb128 0xb
 419 0037 3A       		.uleb128 0x3a
 420 0038 0B       		.uleb128 0xb
 421 0039 3B       		.uleb128 0x3b
 422 003a 0B       		.uleb128 0xb
 423 003b 01       		.uleb128 0x1
 424 003c 13       		.uleb128 0x13
 425 003d 00       		.byte	0
 426 003e 00       		.byte	0
 427 003f 06       		.uleb128 0x6
 428 0040 28       		.uleb128 0x28
 429 0041 00       		.byte	0
 430 0042 03       		.uleb128 0x3
 431 0043 0E       		.uleb128 0xe
 432 0044 1C       		.uleb128 0x1c
 433 0045 0D       		.uleb128 0xd
 434 0046 00       		.byte	0
 435 0047 00       		.byte	0
 436 0048 07       		.uleb128 0x7
 437 0049 16       		.uleb128 0x16
 438 004a 00       		.byte	0
 439 004b 03       		.uleb128 0x3
 440 004c 0E       		.uleb128 0xe
 441 004d 3A       		.uleb128 0x3a
 442 004e 0B       		.uleb128 0xb
 443 004f 3B       		.uleb128 0x3b
 444 0050 05       		.uleb128 0x5
 445 0051 49       		.uleb128 0x49
 446 0052 13       		.uleb128 0x13
 447 0053 00       		.byte	0
 448 0054 00       		.byte	0
 449 0055 08       		.uleb128 0x8
 450 0056 13       		.uleb128 0x13
 451 0057 01       		.byte	0x1
 452 0058 0B       		.uleb128 0xb
 453 0059 0B       		.uleb128 0xb
 454 005a 3A       		.uleb128 0x3a
 455 005b 0B       		.uleb128 0xb
 456 005c 3B       		.uleb128 0x3b
ARM GAS  C:\Users\Admin\AppData\Local\Temp\cc0HLYtQ.s 			page 9


 457 005d 0B       		.uleb128 0xb
 458 005e 01       		.uleb128 0x1
 459 005f 13       		.uleb128 0x13
 460 0060 00       		.byte	0
 461 0061 00       		.byte	0
 462 0062 09       		.uleb128 0x9
 463 0063 0D       		.uleb128 0xd
 464 0064 00       		.byte	0
 465 0065 03       		.uleb128 0x3
 466 0066 0E       		.uleb128 0xe
 467 0067 3A       		.uleb128 0x3a
 468 0068 0B       		.uleb128 0xb
 469 0069 3B       		.uleb128 0x3b
 470 006a 0B       		.uleb128 0xb
 471 006b 49       		.uleb128 0x49
 472 006c 13       		.uleb128 0x13
 473 006d 38       		.uleb128 0x38
 474 006e 0B       		.uleb128 0xb
 475 006f 00       		.byte	0
 476 0070 00       		.byte	0
 477 0071 0A       		.uleb128 0xa
 478 0072 01       		.uleb128 0x1
 479 0073 01       		.byte	0x1
 480 0074 49       		.uleb128 0x49
 481 0075 13       		.uleb128 0x13
 482 0076 01       		.uleb128 0x1
 483 0077 13       		.uleb128 0x13
 484 0078 00       		.byte	0
 485 0079 00       		.byte	0
 486 007a 0B       		.uleb128 0xb
 487 007b 21       		.uleb128 0x21
 488 007c 00       		.byte	0
 489 007d 49       		.uleb128 0x49
 490 007e 13       		.uleb128 0x13
 491 007f 2F       		.uleb128 0x2f
 492 0080 0B       		.uleb128 0xb
 493 0081 00       		.byte	0
 494 0082 00       		.byte	0
 495 0083 0C       		.uleb128 0xc
 496 0084 34       		.uleb128 0x34
 497 0085 00       		.byte	0
 498 0086 03       		.uleb128 0x3
 499 0087 0E       		.uleb128 0xe
 500 0088 3A       		.uleb128 0x3a
 501 0089 0B       		.uleb128 0xb
 502 008a 3B       		.uleb128 0x3b
 503 008b 0B       		.uleb128 0xb
 504 008c 49       		.uleb128 0x49
 505 008d 13       		.uleb128 0x13
 506 008e 3F       		.uleb128 0x3f
 507 008f 19       		.uleb128 0x19
 508 0090 02       		.uleb128 0x2
 509 0091 18       		.uleb128 0x18
 510 0092 00       		.byte	0
 511 0093 00       		.byte	0
 512 0094 0D       		.uleb128 0xd
 513 0095 26       		.uleb128 0x26
ARM GAS  C:\Users\Admin\AppData\Local\Temp\cc0HLYtQ.s 			page 10


 514 0096 00       		.byte	0
 515 0097 49       		.uleb128 0x49
 516 0098 13       		.uleb128 0x13
 517 0099 00       		.byte	0
 518 009a 00       		.byte	0
 519 009b 00       		.byte	0
 520              		.section	.debug_aranges,"",%progbits
 521 0000 14000000 		.4byte	0x14
 522 0004 0200     		.2byte	0x2
 523 0006 00000000 		.4byte	.Ldebug_info0
 524 000a 04       		.byte	0x4
 525 000b 00       		.byte	0
 526 000c 0000     		.2byte	0
 527 000e 0000     		.2byte	0
 528 0010 00000000 		.4byte	0
 529 0014 00000000 		.4byte	0
 530              		.section	.debug_line,"",%progbits
 531              	.Ldebug_line0:
 532 0000 81000000 		.section	.debug_str,"MS",%progbits,1
 532      02007B00 
 532      00000201 
 532      FB0E0D00 
 532      01010101 
 533              	.LASF77:
 534 0000 433A5C55 		.ascii	"C:\\Users\\Admin\\Desktop\\test\\Frequency_Measurem"
 534      73657273 
 534      5C41646D 
 534      696E5C44 
 534      65736B74 
 535 002e 656E745F 		.ascii	"ent_Using_PSoC4_BLE\\Frequency_Measurement_Using_PS"
 535      5573696E 
 535      675F5053 
 535      6F43345F 
 535      424C455C 
 536 0060 6F43345F 		.ascii	"oC4_BLE.cydsn\000"
 536      424C452E 
 536      63796473 
 536      6E00
 537              	.LASF21:
 538 006e 4359424C 		.ascii	"CYBLE_EVT_GAP_PASSKEY_ENTRY_REQUEST\000"
 538      455F4556 
 538      545F4741 
 538      505F5041 
 538      53534B45 
 539              	.LASF69:
 540 0092 63757374 		.ascii	"customServiceCharHandle\000"
 540      6F6D5365 
 540      72766963 
 540      65436861 
 540      7248616E 
 541              	.LASF70:
 542 00aa 63757374 		.ascii	"customServiceCharDescriptors\000"
 542      6F6D5365 
 542      72766963 
 542      65436861 
 542      72446573 
 543              	.LASF27:
ARM GAS  C:\Users\Admin\AppData\Local\Temp\cc0HLYtQ.s 			page 11


 544 00c7 4359424C 		.ascii	"CYBLE_EVT_GAP_DEVICE_DISCONNECTED\000"
 544      455F4556 
 544      545F4741 
 544      505F4445 
 544      56494345 
 545              	.LASF73:
 546 00e9 63757374 		.ascii	"customServiceInfo\000"
 546      6F6D5365 
 546      72766963 
 546      65496E66 
 546      6F00
 547              	.LASF2:
 548 00fb 73686F72 		.ascii	"short int\000"
 548      7420696E 
 548      7400
 549              	.LASF24:
 550 0105 4359424C 		.ascii	"CYBLE_EVT_GAP_AUTH_FAILED\000"
 550      455F4556 
 550      545F4741 
 550      505F4155 
 550      54485F46 
 551              	.LASF34:
 552 011f 4359424C 		.ascii	"CYBLE_EVT_GATT_DISCONNECT_IND\000"
 552      455F4556 
 552      545F4741 
 552      54545F44 
 552      4953434F 
 553              	.LASF12:
 554 013d 73697A65 		.ascii	"sizetype\000"
 554      74797065 
 554      00
 555              	.LASF32:
 556 0146 4359424C 		.ascii	"CYBLE_EVT_GATTC_ERROR_RSP\000"
 556      455F4556 
 556      545F4741 
 556      5454435F 
 556      4552524F 
 557              	.LASF17:
 558 0160 4359424C 		.ascii	"CYBLE_EVT_HCI_STATUS\000"
 558      455F4556 
 558      545F4843 
 558      495F5354 
 558      41545553 
 559              	.LASF38:
 560 0175 4359424C 		.ascii	"CYBLE_EVT_GATTC_READ_BY_TYPE_RSP\000"
 560      455F4556 
 560      545F4741 
 560      5454435F 
 560      52454144 
 561              	.LASF14:
 562 0196 4359424C 		.ascii	"CYBLE_EVT_STACK_ON\000"
 562      455F4556 
 562      545F5354 
 562      41434B5F 
 562      4F4E00
 563              	.LASF35:
 564 01a9 4359424C 		.ascii	"CYBLE_EVT_GATTS_XCNHG_MTU_REQ\000"
ARM GAS  C:\Users\Admin\AppData\Local\Temp\cc0HLYtQ.s 			page 12


 564      455F4556 
 564      545F4741 
 564      5454535F 
 564      58434E48 
 565              	.LASF67:
 566 01c7 75696E74 		.ascii	"uint16\000"
 566      313600
 567              	.LASF31:
 568 01ce 4359424C 		.ascii	"CYBLE_EVT_GAP_KEYINFO_EXCHNGE_CMPLT\000"
 568      455F4556 
 568      545F4741 
 568      505F4B45 
 568      59494E46 
 569              	.LASF43:
 570 01f2 4359424C 		.ascii	"CYBLE_EVT_GATTC_READ_MULTI_RSP\000"
 570      455F4556 
 570      545F4741 
 570      5454435F 
 570      52454144 
 571              	.LASF52:
 572 0211 4359424C 		.ascii	"CYBLE_EVT_GATTS_HANDLE_VALUE_CNF\000"
 572      455F4556 
 572      545F4741 
 572      5454535F 
 572      48414E44 
 573              	.LASF13:
 574 0232 4359424C 		.ascii	"CYBLE_EVT_HOST_INVALID\000"
 574      455F4556 
 574      545F484F 
 574      53545F49 
 574      4E56414C 
 575              	.LASF57:
 576 0249 4359424C 		.ascii	"CYBLE_EVT_L2CAP_CBFC_CONN_IND\000"
 576      455F4556 
 576      545F4C32 
 576      4341505F 
 576      43424643 
 577              	.LASF60:
 578 0267 4359424C 		.ascii	"CYBLE_EVT_L2CAP_CBFC_DISCONN_CNF\000"
 578      455F4556 
 578      545F4C32 
 578      4341505F 
 578      43424643 
 579              	.LASF76:
 580 0288 2E5C4765 		.ascii	".\\Generated_Source\\PSoC4\\BLE_custom.c\000"
 580      6E657261 
 580      7465645F 
 580      536F7572 
 580      63655C50 
 581              	.LASF9:
 582 02ae 666C6F61 		.ascii	"float\000"
 582      7400
 583              	.LASF41:
 584 02b4 4359424C 		.ascii	"CYBLE_EVT_GATTC_READ_RSP\000"
 584      455F4556 
 584      545F4741 
 584      5454435F 
ARM GAS  C:\Users\Admin\AppData\Local\Temp\cc0HLYtQ.s 			page 13


 584      52454144 
 585              	.LASF45:
 586 02cd 4359424C 		.ascii	"CYBLE_EVT_GATTC_WRITE_RSP\000"
 586      455F4556 
 586      545F4741 
 586      5454435F 
 586      57524954 
 587              	.LASF6:
 588 02e7 6C6F6E67 		.ascii	"long long int\000"
 588      206C6F6E 
 588      6720696E 
 588      7400
 589              	.LASF7:
 590 02f5 6C6F6E67 		.ascii	"long long unsigned int\000"
 590      206C6F6E 
 590      6720756E 
 590      7369676E 
 590      65642069 
 591              	.LASF71:
 592 030c 4359424C 		.ascii	"CYBLE_CUSTOMS_INFO_T\000"
 592      455F4355 
 592      53544F4D 
 592      535F494E 
 592      464F5F54 
 593              	.LASF4:
 594 0321 6C6F6E67 		.ascii	"long int\000"
 594      20696E74 
 594      00
 595              	.LASF51:
 596 032a 4359424C 		.ascii	"CYBLE_EVT_GATTC_HANDLE_VALUE_IND\000"
 596      455F4556 
 596      545F4741 
 596      5454435F 
 596      48414E44 
 597              	.LASF26:
 598 034b 4359424C 		.ascii	"CYBLE_EVT_GAP_DEVICE_CONNECTED\000"
 598      455F4556 
 598      545F4741 
 598      505F4445 
 598      56494345 
 599              	.LASF25:
 600 036a 4359424C 		.ascii	"CYBLE_EVT_GAPP_ADVERTISEMENT_START_STOP\000"
 600      455F4556 
 600      545F4741 
 600      50505F41 
 600      44564552 
 601              	.LASF50:
 602 0392 4359424C 		.ascii	"CYBLE_EVT_GATTC_HANDLE_VALUE_NTF\000"
 602      455F4556 
 602      545F4741 
 602      5454435F 
 602      48414E44 
 603              	.LASF18:
 604 03b3 4359424C 		.ascii	"CYBLE_EVT_STACK_BUSY_STATUS\000"
 604      455F4556 
 604      545F5354 
 604      41434B5F 
ARM GAS  C:\Users\Admin\AppData\Local\Temp\cc0HLYtQ.s 			page 14


 604      42555359 
 605              	.LASF22:
 606 03cf 4359424C 		.ascii	"CYBLE_EVT_GAP_PASSKEY_DISPLAY_REQUEST\000"
 606      455F4556 
 606      545F4741 
 606      505F5041 
 606      53534B45 
 607              	.LASF74:
 608 03f5 4359424C 		.ascii	"CYBLE_CUSTOMS_T\000"
 608      455F4355 
 608      53544F4D 
 608      535F5400 
 609              	.LASF58:
 610 0405 4359424C 		.ascii	"CYBLE_EVT_L2CAP_CBFC_CONN_CNF\000"
 610      455F4556 
 610      545F4C32 
 610      4341505F 
 610      43424643 
 611              	.LASF66:
 612 0423 4359424C 		.ascii	"CYBLE_EVT_MAX\000"
 612      455F4556 
 612      545F4D41 
 612      5800
 613              	.LASF54:
 614 0431 4359424C 		.ascii	"CYBLE_EVT_L2CAP_CONN_PARAM_UPDATE_REQ\000"
 614      455F4556 
 614      545F4C32 
 614      4341505F 
 614      434F4E4E 
 615              	.LASF1:
 616 0457 756E7369 		.ascii	"unsigned char\000"
 616      676E6564 
 616      20636861 
 616      7200
 617              	.LASF47:
 618 0465 4359424C 		.ascii	"CYBLE_EVT_GATTS_PREP_WRITE_REQ\000"
 618      455F4556 
 618      545F4741 
 618      5454535F 
 618      50524550 
 619              	.LASF39:
 620 0484 4359424C 		.ascii	"CYBLE_EVT_GATTC_FIND_INFO_RSP\000"
 620      455F4556 
 620      545F4741 
 620      5454435F 
 620      46494E44 
 621              	.LASF0:
 622 04a2 7369676E 		.ascii	"signed char\000"
 622      65642063 
 622      68617200 
 623              	.LASF44:
 624 04ae 4359424C 		.ascii	"CYBLE_EVT_GATTS_WRITE_REQ\000"
 624      455F4556 
 624      545F4741 
 624      5454535F 
 624      57524954 
 625              	.LASF40:
ARM GAS  C:\Users\Admin\AppData\Local\Temp\cc0HLYtQ.s 			page 15


 626 04c8 4359424C 		.ascii	"CYBLE_EVT_GATTC_FIND_BY_TYPE_VALUE_RSP\000"
 626      455F4556 
 626      545F4741 
 626      5454435F 
 626      46494E44 
 627              	.LASF23:
 628 04ef 4359424C 		.ascii	"CYBLE_EVT_GAP_AUTH_COMPLETE\000"
 628      455F4556 
 628      545F4741 
 628      505F4155 
 628      54485F43 
 629              	.LASF8:
 630 050b 756E7369 		.ascii	"unsigned int\000"
 630      676E6564 
 630      20696E74 
 630      00
 631              	.LASF33:
 632 0518 4359424C 		.ascii	"CYBLE_EVT_GATT_CONNECT_IND\000"
 632      455F4556 
 632      545F4741 
 632      54545F43 
 632      4F4E4E45 
 633              	.LASF5:
 634 0533 6C6F6E67 		.ascii	"long unsigned int\000"
 634      20756E73 
 634      69676E65 
 634      6420696E 
 634      7400
 635              	.LASF20:
 636 0545 4359424C 		.ascii	"CYBLE_EVT_GAP_AUTH_REQ\000"
 636      455F4556 
 636      545F4741 
 636      505F4155 
 636      54485F52 
 637              	.LASF59:
 638 055c 4359424C 		.ascii	"CYBLE_EVT_L2CAP_CBFC_DISCONN_IND\000"
 638      455F4556 
 638      545F4C32 
 638      4341505F 
 638      43424643 
 639              	.LASF28:
 640 057d 4359424C 		.ascii	"CYBLE_EVT_GAP_ENCRYPT_CHANGE\000"
 640      455F4556 
 640      545F4741 
 640      505F454E 
 640      43525950 
 641              	.LASF3:
 642 059a 73686F72 		.ascii	"short unsigned int\000"
 642      7420756E 
 642      7369676E 
 642      65642069 
 642      6E7400
 643              	.LASF29:
 644 05ad 4359424C 		.ascii	"CYBLE_EVT_GAP_CONNECTION_UPDATE_COMPLETE\000"
 644      455F4556 
 644      545F4741 
 644      505F434F 
ARM GAS  C:\Users\Admin\AppData\Local\Temp\cc0HLYtQ.s 			page 16


 644      4E4E4543 
 645              	.LASF11:
 646 05d6 63686172 		.ascii	"char\000"
 646      00
 647              	.LASF56:
 648 05db 4359424C 		.ascii	"CYBLE_EVT_L2CAP_COMMAND_REJ\000"
 648      455F4556 
 648      545F4C32 
 648      4341505F 
 648      434F4D4D 
 649              	.LASF72:
 650 05f7 63757374 		.ascii	"customServiceHandle\000"
 650      6F6D5365 
 650      72766963 
 650      6548616E 
 650      646C6500 
 651              	.LASF42:
 652 060b 4359424C 		.ascii	"CYBLE_EVT_GATTC_READ_BLOB_RSP\000"
 652      455F4556 
 652      545F4741 
 652      5454435F 
 652      52454144 
 653              	.LASF49:
 654 0629 4359424C 		.ascii	"CYBLE_EVT_GATTC_EXEC_WRITE_RSP\000"
 654      455F4556 
 654      545F4741 
 654      5454435F 
 654      45584543 
 655              	.LASF30:
 656 0648 4359424C 		.ascii	"CYBLE_EVT_GAPC_SCAN_START_STOP\000"
 656      455F4556 
 656      545F4741 
 656      50435F53 
 656      43414E5F 
 657              	.LASF65:
 658 0667 4359424C 		.ascii	"CYBLE_EVT_PENDING_FLASH_WRITE\000"
 658      455F4556 
 658      545F5045 
 658      4E44494E 
 658      475F464C 
 659              	.LASF62:
 660 0685 4359424C 		.ascii	"CYBLE_EVT_L2CAP_CBFC_RX_CREDIT_IND\000"
 660      455F4556 
 660      545F4C32 
 660      4341505F 
 660      43424643 
 661              	.LASF10:
 662 06a8 646F7562 		.ascii	"double\000"
 662      6C6500
 663              	.LASF63:
 664 06af 4359424C 		.ascii	"CYBLE_EVT_L2CAP_CBFC_TX_CREDIT_IND\000"
 664      455F4556 
 664      545F4C32 
 664      4341505F 
 664      43424643 
 665              	.LASF16:
 666 06d2 4359424C 		.ascii	"CYBLE_EVT_HARDWARE_ERROR\000"
ARM GAS  C:\Users\Admin\AppData\Local\Temp\cc0HLYtQ.s 			page 17


 666      455F4556 
 666      545F4841 
 666      52445741 
 666      52455F45 
 667              	.LASF61:
 668 06eb 4359424C 		.ascii	"CYBLE_EVT_L2CAP_CBFC_DATA_READ\000"
 668      455F4556 
 668      545F4C32 
 668      4341505F 
 668      43424643 
 669              	.LASF55:
 670 070a 4359424C 		.ascii	"CYBLE_EVT_L2CAP_CONN_PARAM_UPDATE_RSP\000"
 670      455F4556 
 670      545F4C32 
 670      4341505F 
 670      434F4E4E 
 671              	.LASF19:
 672 0730 4359424C 		.ascii	"CYBLE_EVT_GAPC_SCAN_PROGRESS_RESULT\000"
 672      455F4556 
 672      545F4741 
 672      50435F53 
 672      43414E5F 
 673              	.LASF37:
 674 0754 4359424C 		.ascii	"CYBLE_EVT_GATTC_READ_BY_GROUP_TYPE_RSP\000"
 674      455F4556 
 674      545F4741 
 674      5454435F 
 674      52454144 
 675              	.LASF46:
 676 077b 4359424C 		.ascii	"CYBLE_EVT_GATTS_WRITE_CMD_REQ\000"
 676      455F4556 
 676      545F4741 
 676      5454535F 
 676      57524954 
 677              	.LASF36:
 678 0799 4359424C 		.ascii	"CYBLE_EVT_GATTC_XCHNG_MTU_RSP\000"
 678      455F4556 
 678      545F4741 
 678      5454435F 
 678      5843484E 
 679              	.LASF64:
 680 07b7 4359424C 		.ascii	"CYBLE_EVT_L2CAP_CBFC_DATA_WRITE_IND\000"
 680      455F4556 
 680      545F4C32 
 680      4341505F 
 680      43424643 
 681              	.LASF15:
 682 07db 4359424C 		.ascii	"CYBLE_EVT_TIMEOUT\000"
 682      455F4556 
 682      545F5449 
 682      4D454F55 
 682      5400
 683              	.LASF48:
 684 07ed 4359424C 		.ascii	"CYBLE_EVT_GATTS_EXEC_WRITE_REQ\000"
 684      455F4556 
 684      545F4741 
 684      5454535F 
ARM GAS  C:\Users\Admin\AppData\Local\Temp\cc0HLYtQ.s 			page 18


 684      45584543 
 685              	.LASF68:
 686 080c 4359424C 		.ascii	"CYBLE_GATT_DB_ATTR_HANDLE_T\000"
 686      455F4741 
 686      54545F44 
 686      425F4154 
 686      54525F48 
 687              	.LASF78:
 688 0828 6379426C 		.ascii	"cyBle_customs\000"
 688      655F6375 
 688      73746F6D 
 688      7300
 689              	.LASF53:
 690 0836 4359424C 		.ascii	"CYBLE_EVT_GATTS_DATA_SIGNED_CMD_REQ\000"
 690      455F4556 
 690      545F4741 
 690      5454535F 
 690      44415441 
 691              	.LASF75:
 692 085a 474E5520 		.ascii	"GNU C 4.8.4 20140526 (release) [ARM/embedded-4_8-br"
 692      4320342E 
 692      382E3420 
 692      32303134 
 692      30353236 
 693 088d 616E6368 		.ascii	"anch revision 211358] -mcpu=cortex-m0 -mthumb -g -O"
 693      20726576 
 693      6973696F 
 693      6E203231 
 693      31333538 
 694 08c0 30202D66 		.ascii	"0 -ffunction-sections\000"
 694      66756E63 
 694      74696F6E 
 694      2D736563 
 694      74696F6E 
 695              		.ident	"GCC: (GNU Tools for ARM Embedded Processors) 4.8.4 20140526 (release) [ARM/embedded-4_8-br
