ARM GAS  C:\Users\Admin\AppData\Local\Temp\ccRyt7Fy.s 			page 1


   1              		.cpu cortex-m0
   2              		.fpu softvfp
   3              		.eabi_attribute 20, 1
   4              		.eabi_attribute 21, 1
   5              		.eabi_attribute 23, 3
   6              		.eabi_attribute 24, 1
   7              		.eabi_attribute 25, 1
   8              		.eabi_attribute 26, 1
   9              		.eabi_attribute 30, 6
  10              		.eabi_attribute 34, 0
  11              		.eabi_attribute 18, 4
  12              		.code	16
  13              		.file	"PWM_2s_PM.c"
  14              		.text
  15              	.Ltext0:
  16              		.cfi_sections	.debug_frame
  17              		.bss
  18              		.align	2
  19              	PWM_2s_backup:
  20 0000 00000000 		.space	8
  20      00000000 
  21              		.section	.text.PWM_2s_SaveConfig,"ax",%progbits
  22              		.align	2
  23              		.global	PWM_2s_SaveConfig
  24              		.code	16
  25              		.thumb_func
  26              		.type	PWM_2s_SaveConfig, %function
  27              	PWM_2s_SaveConfig:
  28              	.LFB2:
  29              		.file 1 ".\\Generated_Source\\PSoC4\\PWM_2s_PM.c"
   1:.\Generated_Source\PSoC4/PWM_2s_PM.c **** /*******************************************************************************
   2:.\Generated_Source\PSoC4/PWM_2s_PM.c **** * File Name: PWM_2s_PM.c
   3:.\Generated_Source\PSoC4/PWM_2s_PM.c **** * Version 3.30
   4:.\Generated_Source\PSoC4/PWM_2s_PM.c **** *
   5:.\Generated_Source\PSoC4/PWM_2s_PM.c **** * Description:
   6:.\Generated_Source\PSoC4/PWM_2s_PM.c **** *  This file provides the power management source code to API for the
   7:.\Generated_Source\PSoC4/PWM_2s_PM.c **** *  PWM.
   8:.\Generated_Source\PSoC4/PWM_2s_PM.c **** *
   9:.\Generated_Source\PSoC4/PWM_2s_PM.c **** * Note:
  10:.\Generated_Source\PSoC4/PWM_2s_PM.c **** *
  11:.\Generated_Source\PSoC4/PWM_2s_PM.c **** ********************************************************************************
  12:.\Generated_Source\PSoC4/PWM_2s_PM.c **** * Copyright 2008-2014, Cypress Semiconductor Corporation.  All rights reserved.
  13:.\Generated_Source\PSoC4/PWM_2s_PM.c **** * You may use this file only in accordance with the license, terms, conditions,
  14:.\Generated_Source\PSoC4/PWM_2s_PM.c **** * disclaimers, and limitations in the end user license agreement accompanying
  15:.\Generated_Source\PSoC4/PWM_2s_PM.c **** * the software package with which this file was provided.
  16:.\Generated_Source\PSoC4/PWM_2s_PM.c **** *******************************************************************************/
  17:.\Generated_Source\PSoC4/PWM_2s_PM.c **** 
  18:.\Generated_Source\PSoC4/PWM_2s_PM.c **** #include "PWM_2s.h"
  19:.\Generated_Source\PSoC4/PWM_2s_PM.c **** 
  20:.\Generated_Source\PSoC4/PWM_2s_PM.c **** static PWM_2s_backupStruct PWM_2s_backup;
  21:.\Generated_Source\PSoC4/PWM_2s_PM.c **** 
  22:.\Generated_Source\PSoC4/PWM_2s_PM.c **** 
  23:.\Generated_Source\PSoC4/PWM_2s_PM.c **** /*******************************************************************************
  24:.\Generated_Source\PSoC4/PWM_2s_PM.c **** * Function Name: PWM_2s_SaveConfig
  25:.\Generated_Source\PSoC4/PWM_2s_PM.c **** ********************************************************************************
  26:.\Generated_Source\PSoC4/PWM_2s_PM.c **** *
  27:.\Generated_Source\PSoC4/PWM_2s_PM.c **** * Summary:
ARM GAS  C:\Users\Admin\AppData\Local\Temp\ccRyt7Fy.s 			page 2


  28:.\Generated_Source\PSoC4/PWM_2s_PM.c **** *  Saves the current user configuration of the component.
  29:.\Generated_Source\PSoC4/PWM_2s_PM.c **** *
  30:.\Generated_Source\PSoC4/PWM_2s_PM.c **** * Parameters:
  31:.\Generated_Source\PSoC4/PWM_2s_PM.c **** *  None
  32:.\Generated_Source\PSoC4/PWM_2s_PM.c **** *
  33:.\Generated_Source\PSoC4/PWM_2s_PM.c **** * Return:
  34:.\Generated_Source\PSoC4/PWM_2s_PM.c **** *  None
  35:.\Generated_Source\PSoC4/PWM_2s_PM.c **** *
  36:.\Generated_Source\PSoC4/PWM_2s_PM.c **** * Global variables:
  37:.\Generated_Source\PSoC4/PWM_2s_PM.c **** *  PWM_2s_backup:  Variables of this global structure are modified to
  38:.\Generated_Source\PSoC4/PWM_2s_PM.c **** *  store the values of non retention configuration registers when Sleep() API is
  39:.\Generated_Source\PSoC4/PWM_2s_PM.c **** *  called.
  40:.\Generated_Source\PSoC4/PWM_2s_PM.c **** *
  41:.\Generated_Source\PSoC4/PWM_2s_PM.c **** *******************************************************************************/
  42:.\Generated_Source\PSoC4/PWM_2s_PM.c **** void PWM_2s_SaveConfig(void) 
  43:.\Generated_Source\PSoC4/PWM_2s_PM.c **** {
  30              		.loc 1 43 0
  31              		.cfi_startproc
  32 0000 80B5     		push	{r7, lr}
  33              		.cfi_def_cfa_offset 8
  34              		.cfi_offset 7, -8
  35              		.cfi_offset 14, -4
  36 0002 00AF     		add	r7, sp, #0
  37              		.cfi_def_cfa_register 7
  44:.\Generated_Source\PSoC4/PWM_2s_PM.c **** 
  45:.\Generated_Source\PSoC4/PWM_2s_PM.c ****     #if(!PWM_2s_UsingFixedFunction)
  46:.\Generated_Source\PSoC4/PWM_2s_PM.c ****         #if(!PWM_2s_PWMModeIsCenterAligned)
  47:.\Generated_Source\PSoC4/PWM_2s_PM.c ****             PWM_2s_backup.PWMPeriod = PWM_2s_ReadPeriod();
  38              		.loc 1 47 0
  39 0004 FFF7FEFF 		bl	PWM_2s_ReadPeriod
  40 0008 031C     		mov	r3, r0
  41 000a 1A1C     		mov	r2, r3
  42 000c 0A4B     		ldr	r3, .L2
  43 000e 9A80     		strh	r2, [r3, #4]
  48:.\Generated_Source\PSoC4/PWM_2s_PM.c ****         #endif /* (!PWM_2s_PWMModeIsCenterAligned) */
  49:.\Generated_Source\PSoC4/PWM_2s_PM.c ****         PWM_2s_backup.PWMUdb = PWM_2s_ReadCounter();
  44              		.loc 1 49 0
  45 0010 FFF7FEFF 		bl	PWM_2s_ReadCounter
  46 0014 031C     		mov	r3, r0
  47 0016 1A1C     		mov	r2, r3
  48 0018 074B     		ldr	r3, .L2
  49 001a 5A80     		strh	r2, [r3, #2]
  50:.\Generated_Source\PSoC4/PWM_2s_PM.c ****         #if (PWM_2s_UseStatus)
  51:.\Generated_Source\PSoC4/PWM_2s_PM.c ****             PWM_2s_backup.InterruptMaskValue = PWM_2s_STATUS_MASK;
  50              		.loc 1 51 0
  51 001c 074B     		ldr	r3, .L2+4
  52 001e 1B78     		ldrb	r3, [r3]
  53 0020 DAB2     		uxtb	r2, r3
  54 0022 054B     		ldr	r3, .L2
  55 0024 9A71     		strb	r2, [r3, #6]
  52:.\Generated_Source\PSoC4/PWM_2s_PM.c ****         #endif /* (PWM_2s_UseStatus) */
  53:.\Generated_Source\PSoC4/PWM_2s_PM.c **** 
  54:.\Generated_Source\PSoC4/PWM_2s_PM.c ****         #if(PWM_2s_DeadBandMode == PWM_2s__B_PWM__DBM_256_CLOCKS || \
  55:.\Generated_Source\PSoC4/PWM_2s_PM.c ****             PWM_2s_DeadBandMode == PWM_2s__B_PWM__DBM_2_4_CLOCKS)
  56:.\Generated_Source\PSoC4/PWM_2s_PM.c ****             PWM_2s_backup.PWMdeadBandValue = PWM_2s_ReadDeadTime();
  57:.\Generated_Source\PSoC4/PWM_2s_PM.c ****         #endif /*  deadband count is either 2-4 clocks or 256 clocks */
  58:.\Generated_Source\PSoC4/PWM_2s_PM.c **** 
ARM GAS  C:\Users\Admin\AppData\Local\Temp\ccRyt7Fy.s 			page 3


  59:.\Generated_Source\PSoC4/PWM_2s_PM.c ****         #if(PWM_2s_KillModeMinTime)
  60:.\Generated_Source\PSoC4/PWM_2s_PM.c ****              PWM_2s_backup.PWMKillCounterPeriod = PWM_2s_ReadKillTime();
  61:.\Generated_Source\PSoC4/PWM_2s_PM.c ****         #endif /* (PWM_2s_KillModeMinTime) */
  62:.\Generated_Source\PSoC4/PWM_2s_PM.c **** 
  63:.\Generated_Source\PSoC4/PWM_2s_PM.c ****         #if(PWM_2s_UseControl)
  64:.\Generated_Source\PSoC4/PWM_2s_PM.c ****             PWM_2s_backup.PWMControlRegister = PWM_2s_ReadControlRegister();
  56              		.loc 1 64 0
  57 0026 FFF7FEFF 		bl	PWM_2s_ReadControlRegister
  58 002a 031C     		mov	r3, r0
  59 002c 1A1C     		mov	r2, r3
  60 002e 024B     		ldr	r3, .L2
  61 0030 DA71     		strb	r2, [r3, #7]
  65:.\Generated_Source\PSoC4/PWM_2s_PM.c ****         #endif /* (PWM_2s_UseControl) */
  66:.\Generated_Source\PSoC4/PWM_2s_PM.c ****     #endif  /* (!PWM_2s_UsingFixedFunction) */
  67:.\Generated_Source\PSoC4/PWM_2s_PM.c **** }
  62              		.loc 1 67 0
  63 0032 BD46     		mov	sp, r7
  64              		@ sp needed
  65 0034 80BD     		pop	{r7, pc}
  66              	.L3:
  67 0036 C046     		.align	2
  68              	.L2:
  69 0038 00000000 		.word	PWM_2s_backup
  70 003c 83000F40 		.word	1074724995
  71              		.cfi_endproc
  72              	.LFE2:
  73              		.size	PWM_2s_SaveConfig, .-PWM_2s_SaveConfig
  74              		.section	.text.PWM_2s_RestoreConfig,"ax",%progbits
  75              		.align	2
  76              		.global	PWM_2s_RestoreConfig
  77              		.code	16
  78              		.thumb_func
  79              		.type	PWM_2s_RestoreConfig, %function
  80              	PWM_2s_RestoreConfig:
  81              	.LFB3:
  68:.\Generated_Source\PSoC4/PWM_2s_PM.c **** 
  69:.\Generated_Source\PSoC4/PWM_2s_PM.c **** 
  70:.\Generated_Source\PSoC4/PWM_2s_PM.c **** /*******************************************************************************
  71:.\Generated_Source\PSoC4/PWM_2s_PM.c **** * Function Name: PWM_2s_RestoreConfig
  72:.\Generated_Source\PSoC4/PWM_2s_PM.c **** ********************************************************************************
  73:.\Generated_Source\PSoC4/PWM_2s_PM.c **** *
  74:.\Generated_Source\PSoC4/PWM_2s_PM.c **** * Summary:
  75:.\Generated_Source\PSoC4/PWM_2s_PM.c **** *  Restores the current user configuration of the component.
  76:.\Generated_Source\PSoC4/PWM_2s_PM.c **** *
  77:.\Generated_Source\PSoC4/PWM_2s_PM.c **** * Parameters:
  78:.\Generated_Source\PSoC4/PWM_2s_PM.c **** *  None
  79:.\Generated_Source\PSoC4/PWM_2s_PM.c **** *
  80:.\Generated_Source\PSoC4/PWM_2s_PM.c **** * Return:
  81:.\Generated_Source\PSoC4/PWM_2s_PM.c **** *  None
  82:.\Generated_Source\PSoC4/PWM_2s_PM.c **** *
  83:.\Generated_Source\PSoC4/PWM_2s_PM.c **** * Global variables:
  84:.\Generated_Source\PSoC4/PWM_2s_PM.c **** *  PWM_2s_backup:  Variables of this global structure are used to
  85:.\Generated_Source\PSoC4/PWM_2s_PM.c **** *  restore the values of non retention registers on wakeup from sleep mode.
  86:.\Generated_Source\PSoC4/PWM_2s_PM.c **** *
  87:.\Generated_Source\PSoC4/PWM_2s_PM.c **** *******************************************************************************/
  88:.\Generated_Source\PSoC4/PWM_2s_PM.c **** void PWM_2s_RestoreConfig(void) 
  89:.\Generated_Source\PSoC4/PWM_2s_PM.c **** {
ARM GAS  C:\Users\Admin\AppData\Local\Temp\ccRyt7Fy.s 			page 4


  82              		.loc 1 89 0
  83              		.cfi_startproc
  84 0000 80B5     		push	{r7, lr}
  85              		.cfi_def_cfa_offset 8
  86              		.cfi_offset 7, -8
  87              		.cfi_offset 14, -4
  88 0002 00AF     		add	r7, sp, #0
  89              		.cfi_def_cfa_register 7
  90:.\Generated_Source\PSoC4/PWM_2s_PM.c ****         #if(!PWM_2s_UsingFixedFunction)
  91:.\Generated_Source\PSoC4/PWM_2s_PM.c ****             #if(!PWM_2s_PWMModeIsCenterAligned)
  92:.\Generated_Source\PSoC4/PWM_2s_PM.c ****                 PWM_2s_WritePeriod(PWM_2s_backup.PWMPeriod);
  90              		.loc 1 92 0
  91 0004 0A4B     		ldr	r3, .L5
  92 0006 9B88     		ldrh	r3, [r3, #4]
  93 0008 181C     		mov	r0, r3
  94 000a FFF7FEFF 		bl	PWM_2s_WritePeriod
  93:.\Generated_Source\PSoC4/PWM_2s_PM.c ****             #endif /* (!PWM_2s_PWMModeIsCenterAligned) */
  94:.\Generated_Source\PSoC4/PWM_2s_PM.c **** 
  95:.\Generated_Source\PSoC4/PWM_2s_PM.c ****             PWM_2s_WriteCounter(PWM_2s_backup.PWMUdb);
  95              		.loc 1 95 0
  96 000e 084B     		ldr	r3, .L5
  97 0010 5B88     		ldrh	r3, [r3, #2]
  98 0012 181C     		mov	r0, r3
  99 0014 FFF7FEFF 		bl	PWM_2s_WriteCounter
  96:.\Generated_Source\PSoC4/PWM_2s_PM.c **** 
  97:.\Generated_Source\PSoC4/PWM_2s_PM.c ****             #if (PWM_2s_UseStatus)
  98:.\Generated_Source\PSoC4/PWM_2s_PM.c ****                 PWM_2s_STATUS_MASK = PWM_2s_backup.InterruptMaskValue;
 100              		.loc 1 98 0
 101 0018 064B     		ldr	r3, .L5+4
 102 001a 054A     		ldr	r2, .L5
 103 001c 9279     		ldrb	r2, [r2, #6]
 104 001e 1A70     		strb	r2, [r3]
  99:.\Generated_Source\PSoC4/PWM_2s_PM.c ****             #endif /* (PWM_2s_UseStatus) */
 100:.\Generated_Source\PSoC4/PWM_2s_PM.c **** 
 101:.\Generated_Source\PSoC4/PWM_2s_PM.c ****             #if(PWM_2s_DeadBandMode == PWM_2s__B_PWM__DBM_256_CLOCKS || \
 102:.\Generated_Source\PSoC4/PWM_2s_PM.c ****                 PWM_2s_DeadBandMode == PWM_2s__B_PWM__DBM_2_4_CLOCKS)
 103:.\Generated_Source\PSoC4/PWM_2s_PM.c ****                 PWM_2s_WriteDeadTime(PWM_2s_backup.PWMdeadBandValue);
 104:.\Generated_Source\PSoC4/PWM_2s_PM.c ****             #endif /* deadband count is either 2-4 clocks or 256 clocks */
 105:.\Generated_Source\PSoC4/PWM_2s_PM.c **** 
 106:.\Generated_Source\PSoC4/PWM_2s_PM.c ****             #if(PWM_2s_KillModeMinTime)
 107:.\Generated_Source\PSoC4/PWM_2s_PM.c ****                 PWM_2s_WriteKillTime(PWM_2s_backup.PWMKillCounterPeriod);
 108:.\Generated_Source\PSoC4/PWM_2s_PM.c ****             #endif /* (PWM_2s_KillModeMinTime) */
 109:.\Generated_Source\PSoC4/PWM_2s_PM.c **** 
 110:.\Generated_Source\PSoC4/PWM_2s_PM.c ****             #if(PWM_2s_UseControl)
 111:.\Generated_Source\PSoC4/PWM_2s_PM.c ****                 PWM_2s_WriteControlRegister(PWM_2s_backup.PWMControlRegister);
 105              		.loc 1 111 0
 106 0020 034B     		ldr	r3, .L5
 107 0022 DB79     		ldrb	r3, [r3, #7]
 108 0024 181C     		mov	r0, r3
 109 0026 FFF7FEFF 		bl	PWM_2s_WriteControlRegister
 112:.\Generated_Source\PSoC4/PWM_2s_PM.c ****             #endif /* (PWM_2s_UseControl) */
 113:.\Generated_Source\PSoC4/PWM_2s_PM.c ****         #endif  /* (!PWM_2s_UsingFixedFunction) */
 114:.\Generated_Source\PSoC4/PWM_2s_PM.c ****     }
 110              		.loc 1 114 0
 111 002a BD46     		mov	sp, r7
 112              		@ sp needed
 113 002c 80BD     		pop	{r7, pc}
ARM GAS  C:\Users\Admin\AppData\Local\Temp\ccRyt7Fy.s 			page 5


 114              	.L6:
 115 002e C046     		.align	2
 116              	.L5:
 117 0030 00000000 		.word	PWM_2s_backup
 118 0034 83000F40 		.word	1074724995
 119              		.cfi_endproc
 120              	.LFE3:
 121              		.size	PWM_2s_RestoreConfig, .-PWM_2s_RestoreConfig
 122              		.section	.text.PWM_2s_Sleep,"ax",%progbits
 123              		.align	2
 124              		.global	PWM_2s_Sleep
 125              		.code	16
 126              		.thumb_func
 127              		.type	PWM_2s_Sleep, %function
 128              	PWM_2s_Sleep:
 129              	.LFB4:
 115:.\Generated_Source\PSoC4/PWM_2s_PM.c **** 
 116:.\Generated_Source\PSoC4/PWM_2s_PM.c **** 
 117:.\Generated_Source\PSoC4/PWM_2s_PM.c **** /*******************************************************************************
 118:.\Generated_Source\PSoC4/PWM_2s_PM.c **** * Function Name: PWM_2s_Sleep
 119:.\Generated_Source\PSoC4/PWM_2s_PM.c **** ********************************************************************************
 120:.\Generated_Source\PSoC4/PWM_2s_PM.c **** *
 121:.\Generated_Source\PSoC4/PWM_2s_PM.c **** * Summary:
 122:.\Generated_Source\PSoC4/PWM_2s_PM.c **** *  Disables block's operation and saves the user configuration. Should be called
 123:.\Generated_Source\PSoC4/PWM_2s_PM.c **** *  just prior to entering sleep.
 124:.\Generated_Source\PSoC4/PWM_2s_PM.c **** *
 125:.\Generated_Source\PSoC4/PWM_2s_PM.c **** * Parameters:
 126:.\Generated_Source\PSoC4/PWM_2s_PM.c **** *  None
 127:.\Generated_Source\PSoC4/PWM_2s_PM.c **** *
 128:.\Generated_Source\PSoC4/PWM_2s_PM.c **** * Return:
 129:.\Generated_Source\PSoC4/PWM_2s_PM.c **** *  None
 130:.\Generated_Source\PSoC4/PWM_2s_PM.c **** *
 131:.\Generated_Source\PSoC4/PWM_2s_PM.c **** * Global variables:
 132:.\Generated_Source\PSoC4/PWM_2s_PM.c **** *  PWM_2s_backup.PWMEnableState:  Is modified depending on the enable
 133:.\Generated_Source\PSoC4/PWM_2s_PM.c **** *  state of the block before entering sleep mode.
 134:.\Generated_Source\PSoC4/PWM_2s_PM.c **** *
 135:.\Generated_Source\PSoC4/PWM_2s_PM.c **** *******************************************************************************/
 136:.\Generated_Source\PSoC4/PWM_2s_PM.c **** void PWM_2s_Sleep(void) 
 137:.\Generated_Source\PSoC4/PWM_2s_PM.c **** {
 130              		.loc 1 137 0
 131              		.cfi_startproc
 132 0000 80B5     		push	{r7, lr}
 133              		.cfi_def_cfa_offset 8
 134              		.cfi_offset 7, -8
 135              		.cfi_offset 14, -4
 136 0002 00AF     		add	r7, sp, #0
 137              		.cfi_def_cfa_register 7
 138:.\Generated_Source\PSoC4/PWM_2s_PM.c ****     #if(PWM_2s_UseControl)
 139:.\Generated_Source\PSoC4/PWM_2s_PM.c ****         if(PWM_2s_CTRL_ENABLE == (PWM_2s_CONTROL & PWM_2s_CTRL_ENABLE))
 138              		.loc 1 139 0
 139 0004 094B     		ldr	r3, .L10
 140 0006 1B78     		ldrb	r3, [r3]
 141 0008 DBB2     		uxtb	r3, r3
 142 000a DBB2     		uxtb	r3, r3
 143 000c 5BB2     		sxtb	r3, r3
 144 000e 002B     		cmp	r3, #0
 145 0010 03DA     		bge	.L8
ARM GAS  C:\Users\Admin\AppData\Local\Temp\ccRyt7Fy.s 			page 6


 140:.\Generated_Source\PSoC4/PWM_2s_PM.c ****         {
 141:.\Generated_Source\PSoC4/PWM_2s_PM.c ****             /*Component is enabled */
 142:.\Generated_Source\PSoC4/PWM_2s_PM.c ****             PWM_2s_backup.PWMEnableState = 1u;
 146              		.loc 1 142 0
 147 0012 074B     		ldr	r3, .L10+4
 148 0014 0122     		mov	r2, #1
 149 0016 1A70     		strb	r2, [r3]
 150 0018 02E0     		b	.L9
 151              	.L8:
 143:.\Generated_Source\PSoC4/PWM_2s_PM.c ****         }
 144:.\Generated_Source\PSoC4/PWM_2s_PM.c ****         else
 145:.\Generated_Source\PSoC4/PWM_2s_PM.c ****         {
 146:.\Generated_Source\PSoC4/PWM_2s_PM.c ****             /* Component is disabled */
 147:.\Generated_Source\PSoC4/PWM_2s_PM.c ****             PWM_2s_backup.PWMEnableState = 0u;
 152              		.loc 1 147 0
 153 001a 054B     		ldr	r3, .L10+4
 154 001c 0022     		mov	r2, #0
 155 001e 1A70     		strb	r2, [r3]
 156              	.L9:
 148:.\Generated_Source\PSoC4/PWM_2s_PM.c ****         }
 149:.\Generated_Source\PSoC4/PWM_2s_PM.c ****     #endif /* (PWM_2s_UseControl) */
 150:.\Generated_Source\PSoC4/PWM_2s_PM.c **** 
 151:.\Generated_Source\PSoC4/PWM_2s_PM.c ****     /* Stop component */
 152:.\Generated_Source\PSoC4/PWM_2s_PM.c ****     PWM_2s_Stop();
 157              		.loc 1 152 0
 158 0020 FFF7FEFF 		bl	PWM_2s_Stop
 153:.\Generated_Source\PSoC4/PWM_2s_PM.c **** 
 154:.\Generated_Source\PSoC4/PWM_2s_PM.c ****     /* Save registers configuration */
 155:.\Generated_Source\PSoC4/PWM_2s_PM.c ****     PWM_2s_SaveConfig();
 159              		.loc 1 155 0
 160 0024 FFF7FEFF 		bl	PWM_2s_SaveConfig
 156:.\Generated_Source\PSoC4/PWM_2s_PM.c **** }
 161              		.loc 1 156 0
 162 0028 BD46     		mov	sp, r7
 163              		@ sp needed
 164 002a 80BD     		pop	{r7, pc}
 165              	.L11:
 166              		.align	2
 167              	.L10:
 168 002c 73000F40 		.word	1074724979
 169 0030 00000000 		.word	PWM_2s_backup
 170              		.cfi_endproc
 171              	.LFE4:
 172              		.size	PWM_2s_Sleep, .-PWM_2s_Sleep
 173              		.section	.text.PWM_2s_Wakeup,"ax",%progbits
 174              		.align	2
 175              		.global	PWM_2s_Wakeup
 176              		.code	16
 177              		.thumb_func
 178              		.type	PWM_2s_Wakeup, %function
 179              	PWM_2s_Wakeup:
 180              	.LFB5:
 157:.\Generated_Source\PSoC4/PWM_2s_PM.c **** 
 158:.\Generated_Source\PSoC4/PWM_2s_PM.c **** 
 159:.\Generated_Source\PSoC4/PWM_2s_PM.c **** /*******************************************************************************
 160:.\Generated_Source\PSoC4/PWM_2s_PM.c **** * Function Name: PWM_2s_Wakeup
 161:.\Generated_Source\PSoC4/PWM_2s_PM.c **** ********************************************************************************
ARM GAS  C:\Users\Admin\AppData\Local\Temp\ccRyt7Fy.s 			page 7


 162:.\Generated_Source\PSoC4/PWM_2s_PM.c **** *
 163:.\Generated_Source\PSoC4/PWM_2s_PM.c **** * Summary:
 164:.\Generated_Source\PSoC4/PWM_2s_PM.c **** *  Restores and enables the user configuration. Should be called just after
 165:.\Generated_Source\PSoC4/PWM_2s_PM.c **** *  awaking from sleep.
 166:.\Generated_Source\PSoC4/PWM_2s_PM.c **** *
 167:.\Generated_Source\PSoC4/PWM_2s_PM.c **** * Parameters:
 168:.\Generated_Source\PSoC4/PWM_2s_PM.c **** *  None
 169:.\Generated_Source\PSoC4/PWM_2s_PM.c **** *
 170:.\Generated_Source\PSoC4/PWM_2s_PM.c **** * Return:
 171:.\Generated_Source\PSoC4/PWM_2s_PM.c **** *  None
 172:.\Generated_Source\PSoC4/PWM_2s_PM.c **** *
 173:.\Generated_Source\PSoC4/PWM_2s_PM.c **** * Global variables:
 174:.\Generated_Source\PSoC4/PWM_2s_PM.c **** *  PWM_2s_backup.pwmEnable:  Is used to restore the enable state of
 175:.\Generated_Source\PSoC4/PWM_2s_PM.c **** *  block on wakeup from sleep mode.
 176:.\Generated_Source\PSoC4/PWM_2s_PM.c **** *
 177:.\Generated_Source\PSoC4/PWM_2s_PM.c **** *******************************************************************************/
 178:.\Generated_Source\PSoC4/PWM_2s_PM.c **** void PWM_2s_Wakeup(void) 
 179:.\Generated_Source\PSoC4/PWM_2s_PM.c **** {
 181              		.loc 1 179 0
 182              		.cfi_startproc
 183 0000 80B5     		push	{r7, lr}
 184              		.cfi_def_cfa_offset 8
 185              		.cfi_offset 7, -8
 186              		.cfi_offset 14, -4
 187 0002 00AF     		add	r7, sp, #0
 188              		.cfi_def_cfa_register 7
 180:.\Generated_Source\PSoC4/PWM_2s_PM.c ****      /* Restore registers values */
 181:.\Generated_Source\PSoC4/PWM_2s_PM.c ****     PWM_2s_RestoreConfig();
 189              		.loc 1 181 0
 190 0004 FFF7FEFF 		bl	PWM_2s_RestoreConfig
 182:.\Generated_Source\PSoC4/PWM_2s_PM.c **** 
 183:.\Generated_Source\PSoC4/PWM_2s_PM.c ****     if(PWM_2s_backup.PWMEnableState != 0u)
 191              		.loc 1 183 0
 192 0008 034B     		ldr	r3, .L14
 193 000a 1B78     		ldrb	r3, [r3]
 194 000c 002B     		cmp	r3, #0
 195 000e 01D0     		beq	.L12
 184:.\Generated_Source\PSoC4/PWM_2s_PM.c ****     {
 185:.\Generated_Source\PSoC4/PWM_2s_PM.c ****         /* Enable component's operation */
 186:.\Generated_Source\PSoC4/PWM_2s_PM.c ****         PWM_2s_Enable();
 196              		.loc 1 186 0
 197 0010 FFF7FEFF 		bl	PWM_2s_Enable
 198              	.L12:
 187:.\Generated_Source\PSoC4/PWM_2s_PM.c ****     } /* Do nothing if component's block was disabled before */
 188:.\Generated_Source\PSoC4/PWM_2s_PM.c **** 
 189:.\Generated_Source\PSoC4/PWM_2s_PM.c **** }
 199              		.loc 1 189 0
 200 0014 BD46     		mov	sp, r7
 201              		@ sp needed
 202 0016 80BD     		pop	{r7, pc}
 203              	.L15:
 204              		.align	2
 205              	.L14:
 206 0018 00000000 		.word	PWM_2s_backup
 207              		.cfi_endproc
 208              	.LFE5:
 209              		.size	PWM_2s_Wakeup, .-PWM_2s_Wakeup
ARM GAS  C:\Users\Admin\AppData\Local\Temp\ccRyt7Fy.s 			page 8


 210              		.text
 211              	.Letext0:
 212              		.file 2 ".\\Generated_Source\\PSoC4\\cytypes.h"
 213              		.file 3 ".\\Generated_Source\\PSoC4\\PWM_2s.h"
 214              		.section	.debug_info,"",%progbits
 215              	.Ldebug_info0:
 216 0000 50010000 		.4byte	0x150
 217 0004 0400     		.2byte	0x4
 218 0006 00000000 		.4byte	.Ldebug_abbrev0
 219 000a 04       		.byte	0x4
 220 000b 01       		.uleb128 0x1
 221 000c DD000000 		.4byte	.LASF26
 222 0010 01       		.byte	0x1
 223 0011 92000000 		.4byte	.LASF27
 224 0015 11000000 		.4byte	.LASF28
 225 0019 00000000 		.4byte	.Ldebug_ranges0+0
 226 001d 00000000 		.4byte	0
 227 0021 00000000 		.4byte	.Ldebug_line0
 228 0025 02       		.uleb128 0x2
 229 0026 01       		.byte	0x1
 230 0027 06       		.byte	0x6
 231 0028 3E020000 		.4byte	.LASF0
 232 002c 02       		.uleb128 0x2
 233 002d 01       		.byte	0x1
 234 002e 08       		.byte	0x8
 235 002f 59010000 		.4byte	.LASF1
 236 0033 02       		.uleb128 0x2
 237 0034 02       		.byte	0x2
 238 0035 05       		.byte	0x5
 239 0036 09020000 		.4byte	.LASF2
 240 003a 02       		.uleb128 0x2
 241 003b 02       		.byte	0x2
 242 003c 07       		.byte	0x7
 243 003d 7F000000 		.4byte	.LASF3
 244 0041 02       		.uleb128 0x2
 245 0042 04       		.byte	0x4
 246 0043 05       		.byte	0x5
 247 0044 21020000 		.4byte	.LASF4
 248 0048 02       		.uleb128 0x2
 249 0049 04       		.byte	0x4
 250 004a 07       		.byte	0x7
 251 004b 76010000 		.4byte	.LASF5
 252 004f 02       		.uleb128 0x2
 253 0050 08       		.byte	0x8
 254 0051 05       		.byte	0x5
 255 0052 E1010000 		.4byte	.LASF6
 256 0056 02       		.uleb128 0x2
 257 0057 08       		.byte	0x8
 258 0058 07       		.byte	0x7
 259 0059 BC010000 		.4byte	.LASF7
 260 005d 03       		.uleb128 0x3
 261 005e 04       		.byte	0x4
 262 005f 05       		.byte	0x5
 263 0060 696E7400 		.ascii	"int\000"
 264 0064 02       		.uleb128 0x2
 265 0065 04       		.byte	0x4
 266 0066 07       		.byte	0x7
ARM GAS  C:\Users\Admin\AppData\Local\Temp\ccRyt7Fy.s 			page 9


 267 0067 AF010000 		.4byte	.LASF8
 268 006b 04       		.uleb128 0x4
 269 006c 88010000 		.4byte	.LASF9
 270 0070 02       		.byte	0x2
 271 0071 A1       		.byte	0xa1
 272 0072 2C000000 		.4byte	0x2c
 273 0076 04       		.uleb128 0x4
 274 0077 A8010000 		.4byte	.LASF10
 275 007b 02       		.byte	0x2
 276 007c A2       		.byte	0xa2
 277 007d 3A000000 		.4byte	0x3a
 278 0081 02       		.uleb128 0x2
 279 0082 04       		.byte	0x4
 280 0083 04       		.byte	0x4
 281 0084 D7000000 		.4byte	.LASF11
 282 0088 02       		.uleb128 0x2
 283 0089 08       		.byte	0x8
 284 008a 04       		.byte	0x4
 285 008b A1010000 		.4byte	.LASF12
 286 008f 02       		.uleb128 0x2
 287 0090 01       		.byte	0x1
 288 0091 08       		.byte	0x8
 289 0092 EF010000 		.4byte	.LASF13
 290 0096 05       		.uleb128 0x5
 291 0097 D3010000 		.4byte	.LASF14
 292 009b 02       		.byte	0x2
 293 009c 4B01     		.2byte	0x14b
 294 009e A2000000 		.4byte	0xa2
 295 00a2 06       		.uleb128 0x6
 296 00a3 6B000000 		.4byte	0x6b
 297 00a7 02       		.uleb128 0x2
 298 00a8 04       		.byte	0x4
 299 00a9 07       		.byte	0x7
 300 00aa D8010000 		.4byte	.LASF15
 301 00ae 07       		.uleb128 0x7
 302 00af 08       		.byte	0x8
 303 00b0 03       		.byte	0x3
 304 00b1 6B       		.byte	0x6b
 305 00b2 F3000000 		.4byte	0xf3
 306 00b6 08       		.uleb128 0x8
 307 00b7 67010000 		.4byte	.LASF16
 308 00bb 03       		.byte	0x3
 309 00bc 6E       		.byte	0x6e
 310 00bd 6B000000 		.4byte	0x6b
 311 00c1 00       		.byte	0
 312 00c2 08       		.uleb128 0x8
 313 00c3 00000000 		.4byte	.LASF17
 314 00c7 03       		.byte	0x3
 315 00c8 71       		.byte	0x71
 316 00c9 76000000 		.4byte	0x76
 317 00cd 02       		.byte	0x2
 318 00ce 08       		.uleb128 0x8
 319 00cf 07000000 		.4byte	.LASF18
 320 00d3 03       		.byte	0x3
 321 00d4 73       		.byte	0x73
 322 00d5 76000000 		.4byte	0x76
 323 00d9 04       		.byte	0x4
ARM GAS  C:\Users\Admin\AppData\Local\Temp\ccRyt7Fy.s 			page 10


 324 00da 08       		.uleb128 0x8
 325 00db 4A020000 		.4byte	.LASF19
 326 00df 03       		.byte	0x3
 327 00e0 76       		.byte	0x76
 328 00e1 6B000000 		.4byte	0x6b
 329 00e5 06       		.byte	0x6
 330 00e6 08       		.uleb128 0x8
 331 00e7 8E010000 		.4byte	.LASF20
 332 00eb 03       		.byte	0x3
 333 00ec 86       		.byte	0x86
 334 00ed 6B000000 		.4byte	0x6b
 335 00f1 07       		.byte	0x7
 336 00f2 00       		.byte	0
 337 00f3 04       		.uleb128 0x4
 338 00f4 2A020000 		.4byte	.LASF21
 339 00f8 03       		.byte	0x3
 340 00f9 8B       		.byte	0x8b
 341 00fa AE000000 		.4byte	0xae
 342 00fe 09       		.uleb128 0x9
 343 00ff B7000000 		.4byte	.LASF22
 344 0103 01       		.byte	0x1
 345 0104 2A       		.byte	0x2a
 346 0105 00000000 		.4byte	.LFB2
 347 0109 40000000 		.4byte	.LFE2-.LFB2
 348 010d 01       		.uleb128 0x1
 349 010e 9C       		.byte	0x9c
 350 010f 09       		.uleb128 0x9
 351 0110 F4010000 		.4byte	.LASF23
 352 0114 01       		.byte	0x1
 353 0115 58       		.byte	0x58
 354 0116 00000000 		.4byte	.LFB3
 355 011a 38000000 		.4byte	.LFE3-.LFB3
 356 011e 01       		.uleb128 0x1
 357 011f 9C       		.byte	0x9c
 358 0120 09       		.uleb128 0x9
 359 0121 5D020000 		.4byte	.LASF24
 360 0125 01       		.byte	0x1
 361 0126 88       		.byte	0x88
 362 0127 00000000 		.4byte	.LFB4
 363 012b 34000000 		.4byte	.LFE4-.LFB4
 364 012f 01       		.uleb128 0x1
 365 0130 9C       		.byte	0x9c
 366 0131 09       		.uleb128 0x9
 367 0132 C9000000 		.4byte	.LASF25
 368 0136 01       		.byte	0x1
 369 0137 B2       		.byte	0xb2
 370 0138 00000000 		.4byte	.LFB5
 371 013c 1C000000 		.4byte	.LFE5-.LFB5
 372 0140 01       		.uleb128 0x1
 373 0141 9C       		.byte	0x9c
 374 0142 0A       		.uleb128 0xa
 375 0143 13020000 		.4byte	.LASF29
 376 0147 01       		.byte	0x1
 377 0148 14       		.byte	0x14
 378 0149 F3000000 		.4byte	0xf3
 379 014d 05       		.uleb128 0x5
 380 014e 03       		.byte	0x3
ARM GAS  C:\Users\Admin\AppData\Local\Temp\ccRyt7Fy.s 			page 11


 381 014f 00000000 		.4byte	PWM_2s_backup
 382 0153 00       		.byte	0
 383              		.section	.debug_abbrev,"",%progbits
 384              	.Ldebug_abbrev0:
 385 0000 01       		.uleb128 0x1
 386 0001 11       		.uleb128 0x11
 387 0002 01       		.byte	0x1
 388 0003 25       		.uleb128 0x25
 389 0004 0E       		.uleb128 0xe
 390 0005 13       		.uleb128 0x13
 391 0006 0B       		.uleb128 0xb
 392 0007 03       		.uleb128 0x3
 393 0008 0E       		.uleb128 0xe
 394 0009 1B       		.uleb128 0x1b
 395 000a 0E       		.uleb128 0xe
 396 000b 55       		.uleb128 0x55
 397 000c 17       		.uleb128 0x17
 398 000d 11       		.uleb128 0x11
 399 000e 01       		.uleb128 0x1
 400 000f 10       		.uleb128 0x10
 401 0010 17       		.uleb128 0x17
 402 0011 00       		.byte	0
 403 0012 00       		.byte	0
 404 0013 02       		.uleb128 0x2
 405 0014 24       		.uleb128 0x24
 406 0015 00       		.byte	0
 407 0016 0B       		.uleb128 0xb
 408 0017 0B       		.uleb128 0xb
 409 0018 3E       		.uleb128 0x3e
 410 0019 0B       		.uleb128 0xb
 411 001a 03       		.uleb128 0x3
 412 001b 0E       		.uleb128 0xe
 413 001c 00       		.byte	0
 414 001d 00       		.byte	0
 415 001e 03       		.uleb128 0x3
 416 001f 24       		.uleb128 0x24
 417 0020 00       		.byte	0
 418 0021 0B       		.uleb128 0xb
 419 0022 0B       		.uleb128 0xb
 420 0023 3E       		.uleb128 0x3e
 421 0024 0B       		.uleb128 0xb
 422 0025 03       		.uleb128 0x3
 423 0026 08       		.uleb128 0x8
 424 0027 00       		.byte	0
 425 0028 00       		.byte	0
 426 0029 04       		.uleb128 0x4
 427 002a 16       		.uleb128 0x16
 428 002b 00       		.byte	0
 429 002c 03       		.uleb128 0x3
 430 002d 0E       		.uleb128 0xe
 431 002e 3A       		.uleb128 0x3a
 432 002f 0B       		.uleb128 0xb
 433 0030 3B       		.uleb128 0x3b
 434 0031 0B       		.uleb128 0xb
 435 0032 49       		.uleb128 0x49
 436 0033 13       		.uleb128 0x13
 437 0034 00       		.byte	0
ARM GAS  C:\Users\Admin\AppData\Local\Temp\ccRyt7Fy.s 			page 12


 438 0035 00       		.byte	0
 439 0036 05       		.uleb128 0x5
 440 0037 16       		.uleb128 0x16
 441 0038 00       		.byte	0
 442 0039 03       		.uleb128 0x3
 443 003a 0E       		.uleb128 0xe
 444 003b 3A       		.uleb128 0x3a
 445 003c 0B       		.uleb128 0xb
 446 003d 3B       		.uleb128 0x3b
 447 003e 05       		.uleb128 0x5
 448 003f 49       		.uleb128 0x49
 449 0040 13       		.uleb128 0x13
 450 0041 00       		.byte	0
 451 0042 00       		.byte	0
 452 0043 06       		.uleb128 0x6
 453 0044 35       		.uleb128 0x35
 454 0045 00       		.byte	0
 455 0046 49       		.uleb128 0x49
 456 0047 13       		.uleb128 0x13
 457 0048 00       		.byte	0
 458 0049 00       		.byte	0
 459 004a 07       		.uleb128 0x7
 460 004b 13       		.uleb128 0x13
 461 004c 01       		.byte	0x1
 462 004d 0B       		.uleb128 0xb
 463 004e 0B       		.uleb128 0xb
 464 004f 3A       		.uleb128 0x3a
 465 0050 0B       		.uleb128 0xb
 466 0051 3B       		.uleb128 0x3b
 467 0052 0B       		.uleb128 0xb
 468 0053 01       		.uleb128 0x1
 469 0054 13       		.uleb128 0x13
 470 0055 00       		.byte	0
 471 0056 00       		.byte	0
 472 0057 08       		.uleb128 0x8
 473 0058 0D       		.uleb128 0xd
 474 0059 00       		.byte	0
 475 005a 03       		.uleb128 0x3
 476 005b 0E       		.uleb128 0xe
 477 005c 3A       		.uleb128 0x3a
 478 005d 0B       		.uleb128 0xb
 479 005e 3B       		.uleb128 0x3b
 480 005f 0B       		.uleb128 0xb
 481 0060 49       		.uleb128 0x49
 482 0061 13       		.uleb128 0x13
 483 0062 38       		.uleb128 0x38
 484 0063 0B       		.uleb128 0xb
 485 0064 00       		.byte	0
 486 0065 00       		.byte	0
 487 0066 09       		.uleb128 0x9
 488 0067 2E       		.uleb128 0x2e
 489 0068 00       		.byte	0
 490 0069 3F       		.uleb128 0x3f
 491 006a 19       		.uleb128 0x19
 492 006b 03       		.uleb128 0x3
 493 006c 0E       		.uleb128 0xe
 494 006d 3A       		.uleb128 0x3a
ARM GAS  C:\Users\Admin\AppData\Local\Temp\ccRyt7Fy.s 			page 13


 495 006e 0B       		.uleb128 0xb
 496 006f 3B       		.uleb128 0x3b
 497 0070 0B       		.uleb128 0xb
 498 0071 27       		.uleb128 0x27
 499 0072 19       		.uleb128 0x19
 500 0073 11       		.uleb128 0x11
 501 0074 01       		.uleb128 0x1
 502 0075 12       		.uleb128 0x12
 503 0076 06       		.uleb128 0x6
 504 0077 40       		.uleb128 0x40
 505 0078 18       		.uleb128 0x18
 506 0079 9642     		.uleb128 0x2116
 507 007b 19       		.uleb128 0x19
 508 007c 00       		.byte	0
 509 007d 00       		.byte	0
 510 007e 0A       		.uleb128 0xa
 511 007f 34       		.uleb128 0x34
 512 0080 00       		.byte	0
 513 0081 03       		.uleb128 0x3
 514 0082 0E       		.uleb128 0xe
 515 0083 3A       		.uleb128 0x3a
 516 0084 0B       		.uleb128 0xb
 517 0085 3B       		.uleb128 0x3b
 518 0086 0B       		.uleb128 0xb
 519 0087 49       		.uleb128 0x49
 520 0088 13       		.uleb128 0x13
 521 0089 02       		.uleb128 0x2
 522 008a 18       		.uleb128 0x18
 523 008b 00       		.byte	0
 524 008c 00       		.byte	0
 525 008d 00       		.byte	0
 526              		.section	.debug_aranges,"",%progbits
 527 0000 34000000 		.4byte	0x34
 528 0004 0200     		.2byte	0x2
 529 0006 00000000 		.4byte	.Ldebug_info0
 530 000a 04       		.byte	0x4
 531 000b 00       		.byte	0
 532 000c 0000     		.2byte	0
 533 000e 0000     		.2byte	0
 534 0010 00000000 		.4byte	.LFB2
 535 0014 40000000 		.4byte	.LFE2-.LFB2
 536 0018 00000000 		.4byte	.LFB3
 537 001c 38000000 		.4byte	.LFE3-.LFB3
 538 0020 00000000 		.4byte	.LFB4
 539 0024 34000000 		.4byte	.LFE4-.LFB4
 540 0028 00000000 		.4byte	.LFB5
 541 002c 1C000000 		.4byte	.LFE5-.LFB5
 542 0030 00000000 		.4byte	0
 543 0034 00000000 		.4byte	0
 544              		.section	.debug_ranges,"",%progbits
 545              	.Ldebug_ranges0:
 546 0000 00000000 		.4byte	.LFB2
 547 0004 40000000 		.4byte	.LFE2
 548 0008 00000000 		.4byte	.LFB3
 549 000c 38000000 		.4byte	.LFE3
 550 0010 00000000 		.4byte	.LFB4
 551 0014 34000000 		.4byte	.LFE4
ARM GAS  C:\Users\Admin\AppData\Local\Temp\ccRyt7Fy.s 			page 14


 552 0018 00000000 		.4byte	.LFB5
 553 001c 1C000000 		.4byte	.LFE5
 554 0020 00000000 		.4byte	0
 555 0024 00000000 		.4byte	0
 556              		.section	.debug_line,"",%progbits
 557              	.Ldebug_line0:
 558 0000 B1000000 		.section	.debug_str,"MS",%progbits,1
 558      02005400 
 558      00000201 
 558      FB0E0D00 
 558      01010101 
 559              	.LASF17:
 560 0000 50574D55 		.ascii	"PWMUdb\000"
 560      646200
 561              	.LASF18:
 562 0007 50574D50 		.ascii	"PWMPeriod\000"
 562      6572696F 
 562      6400
 563              	.LASF28:
 564 0011 433A5C55 		.ascii	"C:\\Users\\Admin\\Desktop\\test\\Frequency_Measurem"
 564      73657273 
 564      5C41646D 
 564      696E5C44 
 564      65736B74 
 565 003f 656E745F 		.ascii	"ent_Using_PSoC4_BLE\\Frequency_Measurement_Using_PS"
 565      5573696E 
 565      675F5053 
 565      6F43345F 
 565      424C455C 
 566 0071 6F43345F 		.ascii	"oC4_BLE.cydsn\000"
 566      424C452E 
 566      63796473 
 566      6E00
 567              	.LASF3:
 568 007f 73686F72 		.ascii	"short unsigned int\000"
 568      7420756E 
 568      7369676E 
 568      65642069 
 568      6E7400
 569              	.LASF27:
 570 0092 2E5C4765 		.ascii	".\\Generated_Source\\PSoC4\\PWM_2s_PM.c\000"
 570      6E657261 
 570      7465645F 
 570      536F7572 
 570      63655C50 
 571              	.LASF22:
 572 00b7 50574D5F 		.ascii	"PWM_2s_SaveConfig\000"
 572      32735F53 
 572      61766543 
 572      6F6E6669 
 572      6700
 573              	.LASF25:
 574 00c9 50574D5F 		.ascii	"PWM_2s_Wakeup\000"
 574      32735F57 
 574      616B6575 
 574      7000
 575              	.LASF11:
ARM GAS  C:\Users\Admin\AppData\Local\Temp\ccRyt7Fy.s 			page 15


 576 00d7 666C6F61 		.ascii	"float\000"
 576      7400
 577              	.LASF26:
 578 00dd 474E5520 		.ascii	"GNU C 4.8.4 20140526 (release) [ARM/embedded-4_8-br"
 578      4320342E 
 578      382E3420 
 578      32303134 
 578      30353236 
 579 0110 616E6368 		.ascii	"anch revision 211358] -mcpu=cortex-m0 -mthumb -g -O"
 579      20726576 
 579      6973696F 
 579      6E203231 
 579      31333538 
 580 0143 30202D66 		.ascii	"0 -ffunction-sections\000"
 580      66756E63 
 580      74696F6E 
 580      2D736563 
 580      74696F6E 
 581              	.LASF1:
 582 0159 756E7369 		.ascii	"unsigned char\000"
 582      676E6564 
 582      20636861 
 582      7200
 583              	.LASF16:
 584 0167 50574D45 		.ascii	"PWMEnableState\000"
 584      6E61626C 
 584      65537461 
 584      746500
 585              	.LASF5:
 586 0176 6C6F6E67 		.ascii	"long unsigned int\000"
 586      20756E73 
 586      69676E65 
 586      6420696E 
 586      7400
 587              	.LASF9:
 588 0188 75696E74 		.ascii	"uint8\000"
 588      3800
 589              	.LASF20:
 590 018e 50574D43 		.ascii	"PWMControlRegister\000"
 590      6F6E7472 
 590      6F6C5265 
 590      67697374 
 590      657200
 591              	.LASF12:
 592 01a1 646F7562 		.ascii	"double\000"
 592      6C6500
 593              	.LASF10:
 594 01a8 75696E74 		.ascii	"uint16\000"
 594      313600
 595              	.LASF8:
 596 01af 756E7369 		.ascii	"unsigned int\000"
 596      676E6564 
 596      20696E74 
 596      00
 597              	.LASF7:
 598 01bc 6C6F6E67 		.ascii	"long long unsigned int\000"
 598      206C6F6E 
ARM GAS  C:\Users\Admin\AppData\Local\Temp\ccRyt7Fy.s 			page 16


 598      6720756E 
 598      7369676E 
 598      65642069 
 599              	.LASF14:
 600 01d3 72656738 		.ascii	"reg8\000"
 600      00
 601              	.LASF15:
 602 01d8 73697A65 		.ascii	"sizetype\000"
 602      74797065 
 602      00
 603              	.LASF6:
 604 01e1 6C6F6E67 		.ascii	"long long int\000"
 604      206C6F6E 
 604      6720696E 
 604      7400
 605              	.LASF13:
 606 01ef 63686172 		.ascii	"char\000"
 606      00
 607              	.LASF23:
 608 01f4 50574D5F 		.ascii	"PWM_2s_RestoreConfig\000"
 608      32735F52 
 608      6573746F 
 608      7265436F 
 608      6E666967 
 609              	.LASF2:
 610 0209 73686F72 		.ascii	"short int\000"
 610      7420696E 
 610      7400
 611              	.LASF29:
 612 0213 50574D5F 		.ascii	"PWM_2s_backup\000"
 612      32735F62 
 612      61636B75 
 612      7000
 613              	.LASF4:
 614 0221 6C6F6E67 		.ascii	"long int\000"
 614      20696E74 
 614      00
 615              	.LASF21:
 616 022a 50574D5F 		.ascii	"PWM_2s_backupStruct\000"
 616      32735F62 
 616      61636B75 
 616      70537472 
 616      75637400 
 617              	.LASF0:
 618 023e 7369676E 		.ascii	"signed char\000"
 618      65642063 
 618      68617200 
 619              	.LASF19:
 620 024a 496E7465 		.ascii	"InterruptMaskValue\000"
 620      72727570 
 620      744D6173 
 620      6B56616C 
 620      756500
 621              	.LASF24:
 622 025d 50574D5F 		.ascii	"PWM_2s_Sleep\000"
 622      32735F53 
 622      6C656570 
ARM GAS  C:\Users\Admin\AppData\Local\Temp\ccRyt7Fy.s 			page 17


 622      00
 623              		.ident	"GCC: (GNU Tools for ARM Embedded Processors) 4.8.4 20140526 (release) [ARM/embedded-4_8-br
